----------------------------------------------------------------
Sun Apr 30 20:42:37 EDT 2017:
Booting Derby version The Apache Software Foundation - Apache Derby - 10.12.1.1 - (1704137): instance a816c00e-015b-c175-8920-00000386d6d0 
on database directory memory:C:\DEV\STS_Workspace\springAppData-api\testdb with class loader sun.misc.Launcher$AppClassLoader@4aa298b7 
Loaded from file:/C:/Users/THOMAS/.m2/repository/org/apache/derby/derby/10.12.1.1/derby-10.12.1.1.jar
java.vendor=Oracle Corporation
java.runtime.version=1.8.0_121-b13
user.dir=C:\DEV\STS_Workspace\springAppData-api
os.name=Windows 7
os.arch=amd64
os.version=6.1
derby.system.home=null
Database Class Loader started - derby.database.classpath=''
Sun Apr 30 20:42:49 EDT 2017 Thread[Thread-5,5,main] (XID = 303), (SESSIONID = 39), (DATABASE = memory:testdb), (DRDAID = null), Cleanup action starting
Sun Apr 30 20:42:49 EDT 2017 Thread[Thread-5,5,main] (XID = 303), (SESSIONID = 39), (DATABASE = memory:testdb), (DRDAID = null), Failed Statement is: alter table course drop constraint FKokaxyfpv8p583w8yspapfb2ar
java.lang.NullPointerException
	at org.apache.derby.impl.sql.execute.AlterTableConstantAction.executeConstantActionBody(Unknown Source)
	at org.apache.derby.impl.sql.execute.AlterTableConstantAction.executeConstantAction(Unknown Source)
	at org.apache.derby.impl.sql.execute.MiscResultSet.open(Unknown Source)
	at org.apache.derby.impl.sql.GenericPreparedStatement.executeStmt(Unknown Source)
	at org.apache.derby.impl.sql.GenericPreparedStatement.execute(Unknown Source)
	at org.apache.derby.impl.jdbc.EmbedStatement.executeStatement(Unknown Source)
	at org.apache.derby.impl.jdbc.EmbedStatement.execute(Unknown Source)
	at org.apache.derby.impl.jdbc.EmbedStatement.executeLargeUpdate(Unknown Source)
	at org.apache.derby.impl.jdbc.EmbedStatement.executeUpdate(Unknown Source)
	at org.hibernate.tool.hbm2ddl.DatabaseExporter.export(DatabaseExporter.java:47)
	at org.hibernate.tool.hbm2ddl.SchemaExport.perform(SchemaExport.java:477)
	at org.hibernate.tool.hbm2ddl.SchemaExport.execute(SchemaExport.java:430)
	at org.hibernate.tool.hbm2ddl.SchemaExport.drop(SchemaExport.java:375)
	at org.hibernate.tool.hbm2ddl.SchemaExport.drop(SchemaExport.java:371)
	at org.hibernate.internal.SessionFactoryImpl.close(SessionFactoryImpl.java:1081)
	at org.hibernate.jpa.internal.EntityManagerFactoryImpl.close(EntityManagerFactoryImpl.java:347)
	at sun.reflect.NativeMethodAccessorImpl.invoke0(Native Method)
	at sun.reflect.NativeMethodAccessorImpl.invoke(NativeMethodAccessorImpl.java:62)
	at sun.reflect.DelegatingMethodAccessorImpl.invoke(DelegatingMethodAccessorImpl.java:43)
	at java.lang.reflect.Method.invoke(Method.java:498)
	at org.springframework.orm.jpa.AbstractEntityManagerFactoryBean.invokeProxyMethod(AbstractEntityManagerFactoryBean.java:462)
	at org.springframework.orm.jpa.AbstractEntityManagerFactoryBean$ManagedEntityManagerFactoryInvocationHandler.invoke(AbstractEntityManagerFactoryBean.java:633)
	at com.sun.proxy.$Proxy88.close(Unknown Source)
	at org.springframework.orm.jpa.AbstractEntityManagerFactoryBean.destroy(AbstractEntityManagerFactoryBean.java:553)
	at org.springframework.beans.factory.support.DisposableBeanAdapter.destroy(DisposableBeanAdapter.java:272)
	at org.springframework.beans.factory.support.DefaultSingletonBeanRegistry.destroyBean(DefaultSingletonBeanRegistry.java:578)
	at org.springframework.beans.factory.support.DefaultSingletonBeanRegistry.destroySingleton(DefaultSingletonBeanRegistry.java:554)
	at org.springframework.beans.factory.support.DefaultListableBeanFactory.destroySingleton(DefaultListableBeanFactory.java:954)
	at org.springframework.beans.factory.support.DefaultSingletonBeanRegistry.destroySingletons(DefaultSingletonBeanRegistry.java:523)
	at org.springframework.beans.factory.support.DefaultListableBeanFactory.destroySingletons(DefaultListableBeanFactory.java:961)
	at org.springframework.context.support.AbstractApplicationContext.destroyBeans(AbstractApplicationContext.java:1033)
	at org.springframework.context.support.AbstractApplicationContext.doClose(AbstractApplicationContext.java:1009)
	at org.springframework.context.support.AbstractApplicationContext$2.run(AbstractApplicationContext.java:928)
Cleanup action completed
